<?xml version="1.0" encoding="UTF-8"?>
<!-- Generated by org.testng.reporters.JUnitXMLReporter -->
<testsuite ignored="0" hostname="MohammedAkhtar-PC" failures="0" tests="2" name="Error Validations Test" time="25.827" errors="0" timestamp="2024-09-14T18:18:28 IST">
  <testcase classname="rahulshettyacademy.tests.ErrorValidationTest" name="loginValidation" time="2.648"/>
  <testcase classname="rahulshettyacademy.tests.ErrorValidationTest" name="productErrorValidation" time="13.393"/>
</testsuite> <!-- Error Validations Test -->
