<?xml version="1.0" encoding="UTF-8"?>
<testng-results ignored="0" total="2" passed="2" failed="0" skipped="0">
  <reporter-output>
  </reporter-output>
  <suite started-at="2024-09-14T18:18:02 IST" name="Suite" finished-at="2024-09-14T18:18:28 IST" duration-ms="25827">
    <groups>
      <group name="ErrorHandling">
        <method signature="ErrorValidationTest.loginValidation()[pri:0, instance:rahulshettyacademy.tests.ErrorValidationTest@451001e5]" name="loginValidation" class="rahulshettyacademy.tests.ErrorValidationTest"/>
        <method signature="ErrorValidationTest.productErrorValidation()[pri:0, instance:rahulshettyacademy.tests.ErrorValidationTest@451001e5]" name="productErrorValidation" class="rahulshettyacademy.tests.ErrorValidationTest"/>
      </group> <!-- ErrorHandling -->
    </groups>
    <test started-at="2024-09-14T18:18:02 IST" name="Error Validations Test" finished-at="2024-09-14T18:18:28 IST" duration-ms="25827">
      <class name="rahulshettyacademy.tests.ErrorValidationTest">
        <test-method is-config="true" signature="launchApplication()[pri:0, instance:rahulshettyacademy.tests.ErrorValidationTest@451001e5]" started-at="2024-09-14T18:18:02 IST" name="launchApplication" finished-at="2024-09-14T18:18:08 IST" duration-ms="5780" status="PASS">
          <reporter-output>
          </reporter-output>
        </test-method> <!-- launchApplication -->
        <test-method signature="loginValidation()[pri:0, instance:rahulshettyacademy.tests.ErrorValidationTest@451001e5]" started-at="2024-09-14T18:18:08 IST" name="loginValidation" finished-at="2024-09-14T18:18:10 IST" duration-ms="2648" status="PASS">
          <reporter-output>
          </reporter-output>
        </test-method> <!-- loginValidation -->
        <test-method is-config="true" signature="tearDown()[pri:0, instance:rahulshettyacademy.tests.ErrorValidationTest@451001e5]" started-at="2024-09-14T18:18:10 IST" name="tearDown" finished-at="2024-09-14T18:18:11 IST" duration-ms="254" status="PASS">
          <reporter-output>
          </reporter-output>
        </test-method> <!-- tearDown -->
        <test-method is-config="true" signature="launchApplication()[pri:0, instance:rahulshettyacademy.tests.ErrorValidationTest@451001e5]" started-at="2024-09-14T18:18:11 IST" name="launchApplication" finished-at="2024-09-14T18:18:14 IST" duration-ms="3308" status="PASS">
          <reporter-output>
          </reporter-output>
        </test-method> <!-- launchApplication -->
        <test-method signature="productErrorValidation()[pri:0, instance:rahulshettyacademy.tests.ErrorValidationTest@451001e5]" started-at="2024-09-14T18:18:14 IST" name="productErrorValidation" finished-at="2024-09-14T18:18:27 IST" duration-ms="13393" status="PASS">
          <reporter-output>
          </reporter-output>
        </test-method> <!-- productErrorValidation -->
        <test-method is-config="true" signature="tearDown()[pri:0, instance:rahulshettyacademy.tests.ErrorValidationTest@451001e5]" started-at="2024-09-14T18:18:27 IST" name="tearDown" finished-at="2024-09-14T18:18:28 IST" duration-ms="339" status="PASS">
          <reporter-output>
          </reporter-output>
        </test-method> <!-- tearDown -->
      </class> <!-- rahulshettyacademy.tests.ErrorValidationTest -->
    </test> <!-- Error Validations Test -->
  </suite> <!-- Suite -->
</testng-results>
